<?xml version="1.0" encoding="utf-8" standalone="no"?>
<test-run id="2" testcasecount="18" result="Passed" total="18" passed="18" failed="0" inconclusive="0" skipped="0" asserts="18" engine-version="3.4.1.0" clr-version="4.0.30319.42000" start-time="2016-08-26 05:05:59Z" end-time="2016-08-26 05:05:59Z" duration="0.245245">
  <command-line><![CDATA[nunit3-console  A:\Programming\FSharp\Exercism\fsharp\ExercismSolution\protein-translation\bin\Debug\protein_translation.dll]]></command-line>
  <test-suite type="Assembly" id="0-1026" name="protein_translation.dll" fullname="A:\Programming\FSharp\Exercism\fsharp\ExercismSolution\protein-translation\bin\Debug\protein_translation.dll" runstate="Runnable" testcasecount="18" result="Passed" start-time="2016-08-26 05:05:59Z" end-time="2016-08-26 05:05:59Z" duration="0.205496" total="18" passed="18" failed="0" inconclusive="0" skipped="0" asserts="18">
    <environment framework-version="3.4.1.0" clr-version="4.0.30319.42000" os-version="Microsoft Windows NT 10.0.14393.0" platform="Win32NT" cwd="A:\Programming\FSharp\Exercism\fsharp\ExercismSolution\packages\NUnit.ConsoleRunner.3.4.1\tools" machine-name="AUGUST" user="radixdemotic" user-domain="AUGUST" culture="en-US" uiculture="en-US" os-architecture="x64" />
    <settings>
      <setting name="WorkDirectory" value="A:\Programming\FSharp\Exercism\fsharp\ExercismSolution\packages\NUnit.ConsoleRunner.3.4.1\tools" />
      <setting name="ImageRuntimeVersion" value="4.0.30319" />
      <setting name="ImageTargetFrameworkName" value=".NETFramework,Version=v4.6.1" />
      <setting name="ImageRequiresX86" value="False" />
      <setting name="ImageRequiresDefaultAppDomainAssemblyResolver" value="False" />
      <setting name="NumberOfTestWorkers" value="6" />
    </settings>
    <properties>
      <property name="_PID" value="412" />
      <property name="_APPDOMAIN" value="test-domain-" />
    </properties>
    <test-suite type="TestSuite" id="0-1027" name="Exercism" fullname="Exercism" runstate="Runnable" testcasecount="18" result="Passed" start-time="2016-08-26 05:05:59Z" end-time="2016-08-26 05:05:59Z" duration="0.185303" total="18" passed="18" failed="0" inconclusive="0" skipped="0" asserts="18">
      <test-suite type="TestFixture" id="0-1000" name="ProteinTranslationTest" fullname="Exercism.ProteinTranslationTest" classname="Exercism.ProteinTranslationTest" runstate="Runnable" testcasecount="18" result="Passed" start-time="2016-08-26 05:05:59Z" end-time="2016-08-26 05:05:59Z" duration="0.179990" total="18" passed="18" failed="0" inconclusive="0" skipped="0" asserts="18">
        <test-suite type="ParameterizedMethod" id="0-1019" name="Identifies Cysteine codons" fullname="Exercism.ProteinTranslationTest.Identifies Cysteine codons" classname="Exercism.ProteinTranslationTest" runstate="Runnable" testcasecount="2" result="Passed" start-time="2016-08-26 05:05:59Z" end-time="2016-08-26 05:05:59Z" duration="0.083213" total="2" passed="2" failed="0" inconclusive="0" skipped="0" asserts="2">
          <test-case id="0-1017" name="Identifies Cysteine codons(&quot;UGU&quot;)" fullname="Exercism.ProteinTranslationTest.Identifies Cysteine codons(&quot;UGU&quot;)" methodname="Identifies Cysteine codons" classname="Exercism.ProteinTranslationTest" runstate="Runnable" seed="656749825" result="Passed" start-time="2016-08-26 05:05:59Z" end-time="2016-08-26 05:05:59Z" duration="0.071292" asserts="1" />
          <test-case id="0-1018" name="Identifies Cysteine codons(&quot;UGC&quot;)" fullname="Exercism.ProteinTranslationTest.Identifies Cysteine codons(&quot;UGC&quot;)" methodname="Identifies Cysteine codons" classname="Exercism.ProteinTranslationTest" runstate="Runnable" seed="1251697300" result="Passed" start-time="2016-08-26 05:05:59Z" end-time="2016-08-26 05:05:59Z" duration="0.000165" asserts="1" />
        </test-suite>
        <test-suite type="ParameterizedMethod" id="0-1008" name="Identifies Leucine codons" fullname="Exercism.ProteinTranslationTest.Identifies Leucine codons" classname="Exercism.ProteinTranslationTest" runstate="Runnable" testcasecount="2" result="Passed" start-time="2016-08-26 05:05:59Z" end-time="2016-08-26 05:05:59Z" duration="0.008015" total="2" passed="2" failed="0" inconclusive="0" skipped="0" asserts="2">
          <test-case id="0-1006" name="Identifies Leucine codons(&quot;UUA&quot;)" fullname="Exercism.ProteinTranslationTest.Identifies Leucine codons(&quot;UUA&quot;)" methodname="Identifies Leucine codons" classname="Exercism.ProteinTranslationTest" runstate="Runnable" seed="213258068" result="Passed" start-time="2016-08-26 05:05:59Z" end-time="2016-08-26 05:05:59Z" duration="0.000347" asserts="1" />
          <test-case id="0-1007" name="Identifies Leucine codons(&quot;UUG&quot;)" fullname="Exercism.ProteinTranslationTest.Identifies Leucine codons(&quot;UUG&quot;)" methodname="Identifies Leucine codons" classname="Exercism.ProteinTranslationTest" runstate="Runnable" seed="910611923" result="Passed" start-time="2016-08-26 05:05:59Z" end-time="2016-08-26 05:05:59Z" duration="0.000070" asserts="1" />
        </test-suite>
        <test-suite type="ParameterizedMethod" id="0-1002" name="Identifies Methionine codons" fullname="Exercism.ProteinTranslationTest.Identifies Methionine codons" classname="Exercism.ProteinTranslationTest" runstate="Runnable" testcasecount="1" result="Passed" start-time="2016-08-26 05:05:59Z" end-time="2016-08-26 05:05:59Z" duration="0.003984" total="1" passed="1" failed="0" inconclusive="0" skipped="0" asserts="1">
          <test-case id="0-1001" name="Identifies Methionine codons(&quot;AUG&quot;)" fullname="Exercism.ProteinTranslationTest.Identifies Methionine codons(&quot;AUG&quot;)" methodname="Identifies Methionine codons" classname="Exercism.ProteinTranslationTest" runstate="Runnable" seed="2123653864" result="Passed" start-time="2016-08-26 05:05:59Z" end-time="2016-08-26 05:05:59Z" duration="0.000334" asserts="1" />
        </test-suite>
        <test-suite type="ParameterizedMethod" id="0-1005" name="Identifies Phenylalanine codons" fullname="Exercism.ProteinTranslationTest.Identifies Phenylalanine codons" classname="Exercism.ProteinTranslationTest" runstate="Runnable" testcasecount="2" result="Passed" start-time="2016-08-26 05:05:59Z" end-time="2016-08-26 05:05:59Z" duration="0.006028" total="2" passed="2" failed="0" inconclusive="0" skipped="0" asserts="2">
          <test-case id="0-1003" name="Identifies Phenylalanine codons(&quot;UUU&quot;)" fullname="Exercism.ProteinTranslationTest.Identifies Phenylalanine codons(&quot;UUU&quot;)" methodname="Identifies Phenylalanine codons" classname="Exercism.ProteinTranslationTest" runstate="Runnable" seed="1064916930" result="Passed" start-time="2016-08-26 05:05:59Z" end-time="2016-08-26 05:05:59Z" duration="0.000326" asserts="1" />
          <test-case id="0-1004" name="Identifies Phenylalanine codons(&quot;UUC&quot;)" fullname="Exercism.ProteinTranslationTest.Identifies Phenylalanine codons(&quot;UUC&quot;)" methodname="Identifies Phenylalanine codons" classname="Exercism.ProteinTranslationTest" runstate="Runnable" seed="1620663892" result="Passed" start-time="2016-08-26 05:05:59Z" end-time="2016-08-26 05:05:59Z" duration="0.000117" asserts="1" />
        </test-suite>
        <test-suite type="ParameterizedMethod" id="0-1013" name="Identifies Serine codons" fullname="Exercism.ProteinTranslationTest.Identifies Serine codons" classname="Exercism.ProteinTranslationTest" runstate="Runnable" testcasecount="4" result="Passed" start-time="2016-08-26 05:05:59Z" end-time="2016-08-26 05:05:59Z" duration="0.017083" total="4" passed="4" failed="0" inconclusive="0" skipped="0" asserts="4">
          <test-case id="0-1009" name="Identifies Serine codons(&quot;UCU&quot;)" fullname="Exercism.ProteinTranslationTest.Identifies Serine codons(&quot;UCU&quot;)" methodname="Identifies Serine codons" classname="Exercism.ProteinTranslationTest" runstate="Runnable" seed="549185569" result="Passed" start-time="2016-08-26 05:05:59Z" end-time="2016-08-26 05:05:59Z" duration="0.000339" asserts="1" />
          <test-case id="0-1010" name="Identifies Serine codons(&quot;UCC&quot;)" fullname="Exercism.ProteinTranslationTest.Identifies Serine codons(&quot;UCC&quot;)" methodname="Identifies Serine codons" classname="Exercism.ProteinTranslationTest" runstate="Runnable" seed="477608724" result="Passed" start-time="2016-08-26 05:05:59Z" end-time="2016-08-26 05:05:59Z" duration="0.000105" asserts="1" />
          <test-case id="0-1011" name="Identifies Serine codons(&quot;UCA&quot;)" fullname="Exercism.ProteinTranslationTest.Identifies Serine codons(&quot;UCA&quot;)" methodname="Identifies Serine codons" classname="Exercism.ProteinTranslationTest" runstate="Runnable" seed="2092432933" result="Passed" start-time="2016-08-26 05:05:59Z" end-time="2016-08-26 05:05:59Z" duration="0.000127" asserts="1" />
          <test-case id="0-1012" name="Identifies Serine codons(&quot;UCG&quot;)" fullname="Exercism.ProteinTranslationTest.Identifies Serine codons(&quot;UCG&quot;)" methodname="Identifies Serine codons" classname="Exercism.ProteinTranslationTest" runstate="Runnable" seed="1004584622" result="Passed" start-time="2016-08-26 05:05:59Z" end-time="2016-08-26 05:05:59Z" duration="0.000126" asserts="1" />
        </test-suite>
        <test-suite type="ParameterizedMethod" id="0-1021" name="Identifies Tryptophan codons" fullname="Exercism.ProteinTranslationTest.Identifies Tryptophan codons" classname="Exercism.ProteinTranslationTest" runstate="Runnable" testcasecount="1" result="Passed" start-time="2016-08-26 05:05:59Z" end-time="2016-08-26 05:05:59Z" duration="0.004099" total="1" passed="1" failed="0" inconclusive="0" skipped="0" asserts="1">
          <test-case id="0-1020" name="Identifies Tryptophan codons(&quot;UGG&quot;)" fullname="Exercism.ProteinTranslationTest.Identifies Tryptophan codons(&quot;UGG&quot;)" methodname="Identifies Tryptophan codons" classname="Exercism.ProteinTranslationTest" runstate="Runnable" seed="1507458638" result="Passed" start-time="2016-08-26 05:05:59Z" end-time="2016-08-26 05:05:59Z" duration="0.000344" asserts="1" />
        </test-suite>
        <test-suite type="ParameterizedMethod" id="0-1016" name="Identifies Tyrosine codons" fullname="Exercism.ProteinTranslationTest.Identifies Tyrosine codons" classname="Exercism.ProteinTranslationTest" runstate="Runnable" testcasecount="2" result="Passed" start-time="2016-08-26 05:05:59Z" end-time="2016-08-26 05:05:59Z" duration="0.008027" total="2" passed="2" failed="0" inconclusive="0" skipped="0" asserts="2">
          <test-case id="0-1014" name="Identifies Tyrosine codons(&quot;UAU&quot;)" fullname="Exercism.ProteinTranslationTest.Identifies Tyrosine codons(&quot;UAU&quot;)" methodname="Identifies Tyrosine codons" classname="Exercism.ProteinTranslationTest" runstate="Runnable" seed="1260029047" result="Passed" start-time="2016-08-26 05:05:59Z" end-time="2016-08-26 05:05:59Z" duration="0.000321" asserts="1" />
          <test-case id="0-1015" name="Identifies Tyrosine codons(&quot;UAC&quot;)" fullname="Exercism.ProteinTranslationTest.Identifies Tyrosine codons(&quot;UAC&quot;)" methodname="Identifies Tyrosine codons" classname="Exercism.ProteinTranslationTest" runstate="Runnable" seed="1500682910" result="Passed" start-time="2016-08-26 05:05:59Z" end-time="2016-08-26 05:05:59Z" duration="0.000117" asserts="1" />
        </test-suite>
        <test-case id="0-1023" name="Stops translation if stop codon present" fullname="Exercism.ProteinTranslationTest.Stops translation if stop codon present" methodname="Stops translation if stop codon present" classname="Exercism.ProteinTranslationTest" runstate="Runnable" seed="699560984" result="Passed" start-time="2016-08-26 05:05:59Z" end-time="2016-08-26 05:05:59Z" duration="0.001283" asserts="1" />
        <test-case id="0-1024" name="Stops translation of longer strand" fullname="Exercism.ProteinTranslationTest.Stops translation of longer strand" methodname="Stops translation of longer strand" classname="Exercism.ProteinTranslationTest" runstate="Runnable" seed="1528569838" result="Passed" start-time="2016-08-26 05:05:59Z" end-time="2016-08-26 05:05:59Z" duration="0.000383" asserts="1" />
        <test-case id="0-1025" name="Throws for invalid codons" fullname="Exercism.ProteinTranslationTest.Throws for invalid codons" methodname="Throws for invalid codons" classname="Exercism.ProteinTranslationTest" runstate="Runnable" seed="1928643691" result="Passed" start-time="2016-08-26 05:05:59Z" end-time="2016-08-26 05:05:59Z" duration="0.005323" asserts="1" />
        <test-case id="0-1022" name="Translates rna strand into correct protein" fullname="Exercism.ProteinTranslationTest.Translates rna strand into correct protein" methodname="Translates rna strand into correct protein" classname="Exercism.ProteinTranslationTest" runstate="Runnable" seed="529369288" result="Passed" start-time="2016-08-26 05:05:59Z" end-time="2016-08-26 05:05:59Z" duration="0.000377" asserts="1" />
      </test-suite>
    </test-suite>
  </test-suite>
</test-run>